<?xml version="1.0" encoding="UTF-8"?>
<!-- Generated by org.testng.reporters.JUnitReportReporter -->
<testsuite hostname="DESKTOP-S3Q7NR0" failures="0" tests="1" name="com.mystore.testscript.AddToCartPageTest" time="34.322" errors="0" timestamp="2022-08-17T21:10:58 IST" skipped="0">
  <testcase classname="com.mystore.testscript.AddToCartPageTest" name="addToCartPage" time="34.322"/>
  <system-out/>
</testsuite> <!-- com.mystore.testscript.AddToCartPageTest -->
