<?xml version="1.0" encoding="UTF-8"?>
<!-- Generated by org.testng.reporters.JUnitReportReporter -->
<testsuite hostname="DESKTOP-S3Q7NR0" failures="0" tests="2" name="com.mystore.testscript.IndexPageTest" time="28.057" errors="0" timestamp="2022-08-17T21:10:58 IST" skipped="0">
  <testcase classname="com.mystore.testscript.IndexPageTest" name="verifyTitle" time="13.221"/>
  <system-out/>
  <testcase classname="com.mystore.testscript.IndexPageTest" name="verifyLogo" time="14.836"/>
  <system-out/>
</testsuite> <!-- com.mystore.testscript.IndexPageTest -->
