<?xml version="1.0" encoding="UTF-8"?>
<!-- Generated by org.testng.reporters.JUnitReportReporter -->
<testsuite hostname="DESKTOP-S3Q7NR0" failures="0" tests="2" name="com.mystore.testscript.HomePageTest" time="92.993" errors="0" timestamp="2022-08-17T21:10:58 IST" skipped="0">
  <testcase classname="com.mystore.testscript.HomePageTest" name="orderhistorydetail" time="38.564"/>
  <system-out/>
  <testcase classname="com.mystore.testscript.HomePageTest" name="wishListTest" time="54.429"/>
  <system-out/>
</testsuite> <!-- com.mystore.testscript.HomePageTest -->
